<?xml version="1.0" encoding="UTF-8"?>
<!-- Generated by org.testng.reporters.JUnitReportReporter -->
<testsuite hostname="DESKTOP-B2QL6U8" name="PackOne.ClassThree" tests="1" failures="0" timestamp="2 Jun 2020 19:56:37 GMT" time="23.656" errors="0">
  <testcase name="methodThreeA" time="23.656" classname="PackOne.ClassThree"/>
</testsuite> <!-- PackOne.ClassThree -->
