<?xml version="1.0" encoding="UTF-8"?>
<!-- Generated by org.testng.reporters.JUnitReportReporter -->
<testsuite hostname="DESKTOP-B2QL6U8" name="PackOne.ClassFour" tests="1" failures="0" timestamp="2 Jun 2020 19:56:37 GMT" time="22.793" errors="0">
  <testcase name="methodFourA" time="22.793" classname="PackOne.ClassFour"/>
</testsuite> <!-- PackOne.ClassFour -->
