<?xml version="1.0" encoding="UTF-8"?>
<!-- Generated by org.testng.reporters.JUnitReportReporter -->
<testsuite hostname="DESKTOP-B2QL6U8" name="PackOne.ClassTwo" tests="2" failures="0" timestamp="2 Jun 2020 19:56:37 GMT" time="15.237" errors="0">
  <testcase name="methodTwoB" time="0.000" classname="PackOne.ClassTwo"/>
  <testcase name="methodTwoA" time="15.237" classname="PackOne.ClassTwo"/>
</testsuite> <!-- PackOne.ClassTwo -->
