<?xml version="1.0" encoding="UTF-8"?>
<!-- Generated by org.testng.reporters.JUnitReportReporter -->
<testsuite hostname="DESKTOP-B2QL6U8" name="PackOne.Classone" tests="1" failures="0" timestamp="2 Jun 2020 19:56:37 GMT" time="10.274" errors="0">
  <testcase name="methodoneA" time="10.274" classname="PackOne.Classone"/>
</testsuite> <!-- PackOne.Classone -->
