<?xml version="1.0" encoding="UTF-8"?>
<!-- Generated by org.testng.reporters.JUnitReportReporter -->
<testsuite name="PackOne.ClassTwo" tests="2" time="10.053" ignored="0" failures="0" timestamp="21 May 2020 13:33:08 GMT" skipped="0" hostname="DESKTOP-B2QL6U8" errors="0">
  <testcase name="methodTwoB" time="0.001" classname="PackOne.ClassTwo"/>
  <testcase name="methodTwoA" time="10.052" classname="PackOne.ClassTwo"/>
</testsuite> <!-- PackOne.ClassTwo -->
