<?xml version="1.0" encoding="UTF-8"?>
<!-- Generated by org.testng.reporters.JUnitReportReporter -->
<testsuite name="PackOne.ClassThree" tests="1" time="9.892" ignored="0" failures="0" timestamp="21 May 2020 13:33:08 GMT" skipped="0" hostname="DESKTOP-B2QL6U8" errors="0">
  <testcase name="methodThreeA" time="9.892" classname="PackOne.ClassThree"/>
</testsuite> <!-- PackOne.ClassThree -->
