<?xml version="1.0" encoding="UTF-8"?>
<!-- Generated by org.testng.reporters.JUnitReportReporter -->
<testsuite name="PackOne.Classone" tests="1" time="9.788" ignored="0" failures="0" timestamp="21 May 2020 13:33:08 GMT" skipped="0" hostname="DESKTOP-B2QL6U8" errors="0">
  <testcase name="methodoneA" time="9.788" classname="PackOne.Classone"/>
</testsuite> <!-- PackOne.Classone -->
