<?xml version="1.0" encoding="UTF-8"?>
<!-- Generated by org.testng.reporters.JUnitReportReporter -->
<testsuite name="PackOne.ClassFour" tests="1" time="13.700" ignored="0" failures="0" timestamp="21 May 2020 13:33:08 GMT" skipped="0" hostname="DESKTOP-B2QL6U8" errors="0">
  <testcase name="methodFourA" time="13.700" classname="PackOne.ClassFour"/>
</testsuite> <!-- PackOne.ClassFour -->
